<?xml version="1.0" encoding="utf-8"?><testsuites name="pytest tests"><testsuite name="pytest" errors="0" failures="0" skipped="0" tests="20" time="48.577" timestamp="2026-06-14T16:48:06.372965+00:00" hostname="agent-env-db60d3c0-3adf-4a3d-9833-f3c4cf33b082"><testcase classname="backend.tests.backend_test.TestAuth" name="test_register_duplicate" time="0.451" /><testcase classname="backend.tests.backend_test.TestAuth" name="test_login_success" time="0.270" /><testcase classname="backend.tests.backend_test.TestAuth" name="test_login_bad_password" time="0.270" /><testcase classname="backend.tests.backend_test.TestAuth" name="test_me_with_token" time="0.108" /><testcase classname="backend.tests.backend_test.TestAuth" name="test_me_without_token" time="0.093" /><testcase classname="backend.tests.backend_test.TestAuth" name="test_protected_routes_require_auth" time="0.224" /><testcase classname="backend.tests.backend_test.TestCVUpload" name="test_upload_txt_cv" time="0.129" /><testcase classname="backend.tests.backend_test.TestCVUpload" name="test_upload_requires_auth" time="0.103" /><testcase classname="backend.tests.backend_test.TestCVUpload" name="test_upload_too_short" time="0.097" /><testcase classname="backend.tests.backend_test.TestCVUpload" name="test_cv_list" time="0.100" /><testcase classname="backend.tests.backend_test.TestAnalyze" name="test_analyze_runs" time="17.344" /><testcase classname="backend.tests.backend_test.TestAnalyze" name="test_list_analyses" time="0.209" /><testcase classname="backend.tests.backend_test.TestAnalyze" name="test_get_analysis" time="0.101" /><testcase classname="backend.tests.backend_test.TestOptimizeAndDownload" name="test_optimize_runs" time="28.020" /><testcase classname="backend.tests.backend_test.TestOptimizeAndDownload" name="test_download_cv_pdf_header_auth" time="0.337" /><testcase classname="backend.tests.backend_test.TestOptimizeAndDownload" name="test_download_cv_docx_query_token" time="0.144" /><testcase classname="backend.tests.backend_test.TestOptimizeAndDownload" name="test_download_cover_pdf" time="0.145" /><testcase classname="backend.tests.backend_test.TestOptimizeAndDownload" name="test_download_cover_docx" time="0.141" /><testcase classname="backend.tests.backend_test.TestOptimizeAndDownload" name="test_download_requires_token" time="0.091" /><testcase classname="backend.tests.backend_test.TestOptimizeAndDownload" name="test_download_invalid_kind" time="0.101" /></testsuite></testsuites>